<?xml version="1.0" encoding="UTF-8"?>
<!-- Generated by org.testng.reporters.JUnitReportReporter -->
<testsuite skipped="0" hostname="ip-172-31-39-64" name="logintest" tests="1" failures="0" timestamp="2020-11-21T16:38:47 UTC" time="4.366" errors="0">
  <testcase name="login" time="4.366" classname="logintest"/>
  <system-out/>
</testsuite> <!-- logintest -->
